<testsuites id="" name="" tests="26" failures="8" skipped="1" errors="0" time="19.975782">
<testsuite name="calendar.spec.ts" timestamp="2026-02-03T22:54:49.438Z" hostname="chromium" tests="4" failures="0" skipped="0" time="10.78" errors="0">
<testcase name="日历视图 › 应该正确加载日历页面" classname="calendar.spec.ts" time="2.161">
</testcase>
<testcase name="日历视图 › 应该显示当前月份的日历" classname="calendar.spec.ts" time="2.034">
<system-out>
<![CDATA[日历显示 28 天（包含上下月）
当前月份有 28 天
]]>
</system-out>
</testcase>
<testcase name="日历视图 › 应该能点击日期查看详情" classname="calendar.spec.ts" time="3.13">
</testcase>
<testcase name="日历视图 › 应该能切换月份" classname="calendar.spec.ts" time="3.455">
</testcase>
</testsuite>
<testsuite name="home.spec.ts" timestamp="2026-02-03T22:54:49.438Z" hostname="chromium" tests="5" failures="4" skipped="0" time="7.888" errors="0">
<testcase name="首页 › 应该正确加载首页" classname="home.spec.ts" time="1.167">
</testcase>
<testcase name="首页 › 应该显示快速操作入口" classname="home.spec.ts" time="1.883">
<failure message="home.spec.ts:27:3 应该显示快速操作入口" type="FAILURE">
<![CDATA[  [chromium] › home.spec.ts:27:3 › 首页 › 应该显示快速操作入口 ─────────────────────────────────────────────────

    Error: locator.waitFor: Error: strict mode violation: locator('h1').filter({ hasText: /Eatly|欢迎/i }) resolved to 2 elements:
        1) <h1 data-v-1820f6ff="">🥗 Eatly</h1> aka getByRole('heading', { name: '🥗 Eatly' })
        2) <h1 data-v-2dc54a20="">欢迎使用 Eatly 🥗</h1> aka getByRole('heading', { name: '欢迎使用 Eatly 🥗' })

    Call log:
      - waiting for locator('h1').filter({ hasText: /Eatly|欢迎/i }) to be visible


       at ..\pages\HomePage.ts:24

      22 |   async isLoaded() {
      23 |     await this.page.waitForLoadState('networkidle')
    > 24 |     await this.welcomeTitle.waitFor()
         |                             ^
      25 |   }
      26 |
      27 |   /**
        at HomePage.isLoaded (C:\Users\tuzhe\runspace\eatly\tests\pages\HomePage.ts:24:29)
        at C:\Users\tuzhe\runspace\eatly\tests\e2e\home.spec.ts:28:5

    attachment #1: screenshot (image/png) ──────────────────────────────────────────────────────────
    ..\..\test-results\home-首页-应该显示快速操作入口-chromium\test-failed-1.png
    ────────────────────────────────────────────────────────────────────────────────────────────────

    attachment #2: video (video/webm) ──────────────────────────────────────────────────────────────
    ..\..\test-results\home-首页-应该显示快速操作入口-chromium\video.webm
    ────────────────────────────────────────────────────────────────────────────────────────────────

    Error Context: ..\..\test-results\home-首页-应该显示快速操作入口-chromium\error-context.md
]]>
</failure>
<system-out>
<![CDATA[
[[ATTACHMENT|home-首页-应该显示快速操作入口-chromium\test-failed-1.png]]

[[ATTACHMENT|home-首页-应该显示快速操作入口-chromium\video.webm]]

[[ATTACHMENT|home-首页-应该显示快速操作入口-chromium\error-context.md]]
]]>
</system-out>
</testcase>
<testcase name="首页 › 可以通过快速操作导航到推荐页面" classname="home.spec.ts" time="1.399">
<failure message="home.spec.ts:39:3 可以通过快速操作导航到推荐页面" type="FAILURE">
<![CDATA[  [chromium] › home.spec.ts:39:3 › 首页 › 可以通过快速操作导航到推荐页面 ────────────────────────────────────────────

    Error: locator.waitFor: Error: strict mode violation: locator('h1').filter({ hasText: /Eatly|欢迎/i }) resolved to 2 elements:
        1) <h1 data-v-1820f6ff="">🥗 Eatly</h1> aka getByRole('heading', { name: '🥗 Eatly' })
        2) <h1 data-v-2dc54a20="">欢迎使用 Eatly 🥗</h1> aka getByRole('heading', { name: '欢迎使用 Eatly 🥗' })

    Call log:
      - waiting for locator('h1').filter({ hasText: /Eatly|欢迎/i }) to be visible


       at ..\pages\HomePage.ts:24

      22 |   async isLoaded() {
      23 |     await this.page.waitForLoadState('networkidle')
    > 24 |     await this.welcomeTitle.waitFor()
         |                             ^
      25 |   }
      26 |
      27 |   /**
        at HomePage.isLoaded (C:\Users\tuzhe\runspace\eatly\tests\pages\HomePage.ts:24:29)
        at C:\Users\tuzhe\runspace\eatly\tests\e2e\home.spec.ts:40:5

    attachment #1: screenshot (image/png) ──────────────────────────────────────────────────────────
    ..\..\test-results\home-首页-可以通过快速操作导航到推荐页面-chromium\test-failed-1.png
    ────────────────────────────────────────────────────────────────────────────────────────────────

    attachment #2: video (video/webm) ──────────────────────────────────────────────────────────────
    ..\..\test-results\home-首页-可以通过快速操作导航到推荐页面-chromium\video.webm
    ────────────────────────────────────────────────────────────────────────────────────────────────

    Error Context: ..\..\test-results\home-首页-可以通过快速操作导航到推荐页面-chromium\error-context.md
]]>
</failure>
<system-out>
<![CDATA[
[[ATTACHMENT|home-首页-可以通过快速操作导航到推荐页面-chromium\test-failed-1.png]]

[[ATTACHMENT|home-首页-可以通过快速操作导航到推荐页面-chromium\video.webm]]

[[ATTACHMENT|home-首页-可以通过快速操作导航到推荐页面-chromium\error-context.md]]
]]>
</system-out>
</testcase>
<testcase name="首页 › 可以通过快速操作导航到记录页面" classname="home.spec.ts" time="1.886">
<failure message="home.spec.ts:52:3 可以通过快速操作导航到记录页面" type="FAILURE">
<![CDATA[  [chromium] › home.spec.ts:52:3 › 首页 › 可以通过快速操作导航到记录页面 ────────────────────────────────────────────

    Error: locator.waitFor: Error: strict mode violation: locator('h1').filter({ hasText: /Eatly|欢迎/i }) resolved to 2 elements:
        1) <h1 data-v-1820f6ff="">🥗 Eatly</h1> aka getByRole('heading', { name: '🥗 Eatly' })
        2) <h1 data-v-2dc54a20="">欢迎使用 Eatly 🥗</h1> aka getByRole('heading', { name: '欢迎使用 Eatly 🥗' })

    Call log:
      - waiting for locator('h1').filter({ hasText: /Eatly|欢迎/i }) to be visible


       at ..\pages\HomePage.ts:24

      22 |   async isLoaded() {
      23 |     await this.page.waitForLoadState('networkidle')
    > 24 |     await this.welcomeTitle.waitFor()
         |                             ^
      25 |   }
      26 |
      27 |   /**
        at HomePage.isLoaded (C:\Users\tuzhe\runspace\eatly\tests\pages\HomePage.ts:24:29)
        at C:\Users\tuzhe\runspace\eatly\tests\e2e\home.spec.ts:53:5

    attachment #1: screenshot (image/png) ──────────────────────────────────────────────────────────
    ..\..\test-results\home-首页-可以通过快速操作导航到记录页面-chromium\test-failed-1.png
    ────────────────────────────────────────────────────────────────────────────────────────────────

    attachment #2: video (video/webm) ──────────────────────────────────────────────────────────────
    ..\..\test-results\home-首页-可以通过快速操作导航到记录页面-chromium\video.webm
    ────────────────────────────────────────────────────────────────────────────────────────────────

    Error Context: ..\..\test-results\home-首页-可以通过快速操作导航到记录页面-chromium\error-context.md
]]>
</failure>
<system-out>
<![CDATA[
[[ATTACHMENT|home-首页-可以通过快速操作导航到记录页面-chromium\test-failed-1.png]]

[[ATTACHMENT|home-首页-可以通过快速操作导航到记录页面-chromium\video.webm]]

[[ATTACHMENT|home-首页-可以通过快速操作导航到记录页面-chromium\error-context.md]]
]]>
</system-out>
</testcase>
<testcase name="首页 › 应该显示今日记录卡片" classname="home.spec.ts" time="1.553">
<failure message="home.spec.ts:65:3 应该显示今日记录卡片" type="FAILURE">
<![CDATA[  [chromium] › home.spec.ts:65:3 › 首页 › 应该显示今日记录卡片 ─────────────────────────────────────────────────

    Error: locator.waitFor: Error: strict mode violation: locator('h1').filter({ hasText: /Eatly|欢迎/i }) resolved to 2 elements:
        1) <h1 data-v-1820f6ff="">🥗 Eatly</h1> aka getByRole('heading', { name: '🥗 Eatly' })
        2) <h1 data-v-2dc54a20="">欢迎使用 Eatly 🥗</h1> aka getByRole('heading', { name: '欢迎使用 Eatly 🥗' })

    Call log:
      - waiting for locator('h1').filter({ hasText: /Eatly|欢迎/i }) to be visible


       at ..\pages\HomePage.ts:24

      22 |   async isLoaded() {
      23 |     await this.page.waitForLoadState('networkidle')
    > 24 |     await this.welcomeTitle.waitFor()
         |                             ^
      25 |   }
      26 |
      27 |   /**
        at HomePage.isLoaded (C:\Users\tuzhe\runspace\eatly\tests\pages\HomePage.ts:24:29)
        at C:\Users\tuzhe\runspace\eatly\tests\e2e\home.spec.ts:66:5

    attachment #1: screenshot (image/png) ──────────────────────────────────────────────────────────
    ..\..\test-results\home-首页-应该显示今日记录卡片-chromium\test-failed-1.png
    ────────────────────────────────────────────────────────────────────────────────────────────────

    attachment #2: video (video/webm) ──────────────────────────────────────────────────────────────
    ..\..\test-results\home-首页-应该显示今日记录卡片-chromium\video.webm
    ────────────────────────────────────────────────────────────────────────────────────────────────

    Error Context: ..\..\test-results\home-首页-应该显示今日记录卡片-chromium\error-context.md
]]>
</failure>
<system-out>
<![CDATA[
[[ATTACHMENT|home-首页-应该显示今日记录卡片-chromium\test-failed-1.png]]

[[ATTACHMENT|home-首页-应该显示今日记录卡片-chromium\video.webm]]

[[ATTACHMENT|home-首页-应该显示今日记录卡片-chromium\error-context.md]]
]]>
</system-out>
</testcase>
</testsuite>
<testsuite name="navigation.spec.ts" timestamp="2026-02-03T22:54:49.438Z" hostname="chromium" tests="4" failures="2" skipped="0" time="10.101" errors="0">
<testcase name="应用导航 › 应该能通过导航栏访问所有页面" classname="navigation.spec.ts" time="2.559">
</testcase>
<testcase name="应用导航 › 应该能通过 URL 直接访问各页面" classname="navigation.spec.ts" time="5.892">
<failure message="navigation.spec.ts:49:3 应该能通过 URL 直接访问各页面" type="FAILURE">
<![CDATA[  [chromium] › navigation.spec.ts:49:3 › 应用导航 › 应该能通过 URL 直接访问各页面 ──────────────────────────────────

    Error: expect(locator).toBeVisible() failed

    Locator: locator('h1, h2').filter({ hasText: /推荐菜品/i })
    Expected: visible
    Timeout: 5000ms
    Error: element(s) not found

    Call log:
      - Expect "toBeVisible" with timeout 5000ms
      - waiting for locator('h1, h2').filter({ hasText: /推荐菜品/i })


      50 |     // 直接访问推荐页面
      51 |     await page.goto('/recommend')
    > 52 |     await expect(page.locator('h1, h2').filter({ hasText: /推荐菜品/i })).toBeVisible()
         |                                                                       ^
      53 |
      54 |     // 直接访问记录页面
      55 |     await page.goto('/record')
        at C:\Users\tuzhe\runspace\eatly\tests\e2e\navigation.spec.ts:52:71

    attachment #1: screenshot (image/png) ──────────────────────────────────────────────────────────
    ..\..\test-results\navigation-应用导航-应该能通过-URL-直接访问各页面-chromium\test-failed-1.png
    ────────────────────────────────────────────────────────────────────────────────────────────────

    attachment #2: video (video/webm) ──────────────────────────────────────────────────────────────
    ..\..\test-results\navigation-应用导航-应该能通过-URL-直接访问各页面-chromium\video.webm
    ────────────────────────────────────────────────────────────────────────────────────────────────

    Error Context: ..\..\test-results\navigation-应用导航-应该能通过-URL-直接访问各页面-chromium\error-context.md
]]>
</failure>
<system-out>
<![CDATA[
[[ATTACHMENT|navigation-应用导航-应该能通过-URL-直接访问各页面-chromium\test-failed-1.png]]

[[ATTACHMENT|navigation-应用导航-应该能通过-URL-直接访问各页面-chromium\video.webm]]

[[ATTACHMENT|navigation-应用导航-应该能通过-URL-直接访问各页面-chromium\error-context.md]]
]]>
</system-out>
</testcase>
<testcase name="应用导航 › 应该能通过浏览器后退按钮导航" classname="navigation.spec.ts" time="0.963">
</testcase>
<testcase name="应用导航 › 无效 URL 应该重定向到首页或显示 404" classname="navigation.spec.ts" time="0.687">
<failure message="navigation.spec.ts:91:3 无效 URL 应该重定向到首页或显示 404" type="FAILURE">
<![CDATA[  [chromium] › navigation.spec.ts:91:3 › 应用导航 › 无效 URL 应该重定向到首页或显示 404 ─────────────────────────────

    Error: expect(received).toBeTruthy()

    Received: false

       98 |     const has404 = await page.locator('h1').filter({ hasText: /404|not found/i }).count() > 0
       99 |
    > 100 |     expect(isHomePage || has404).toBeTruthy()
          |                                  ^
      101 |   })
      102 | })
      103 |
        at C:\Users\tuzhe\runspace\eatly\tests\e2e\navigation.spec.ts:100:34

    attachment #1: screenshot (image/png) ──────────────────────────────────────────────────────────
    ..\..\test-results\navigation-应用导航-无效-URL-应该重定向到首页或显示-404-chromium\test-failed-1.png
    ────────────────────────────────────────────────────────────────────────────────────────────────

    attachment #2: video (video/webm) ──────────────────────────────────────────────────────────────
    ..\..\test-results\navigation-应用导航-无效-URL-应该重定向到首页或显示-404-chromium\video.webm
    ────────────────────────────────────────────────────────────────────────────────────────────────
]]>
</failure>
<system-out>
<![CDATA[
[[ATTACHMENT|navigation-应用导航-无效-URL-应该重定向到首页或显示-404-chromium\test-failed-1.png]]

[[ATTACHMENT|navigation-应用导航-无效-URL-应该重定向到首页或显示-404-chromium\video.webm]]
]]>
</system-out>
</testcase>
</testsuite>
<testsuite name="recommend.spec.ts" timestamp="2026-02-03T22:54:49.438Z" hostname="chromium" tests="4" failures="0" skipped="0" time="19.498" errors="0">
<testcase name="推荐菜品 › 应该正确加载推荐页面" classname="recommend.spec.ts" time="1.608">
</testcase>
<testcase name="推荐菜品 › 应该能生成推荐" classname="recommend.spec.ts" time="4.682">
<system-out>
<![CDATA[生成了 1 个推荐项
]]>
</system-out>
</testcase>
<testcase name="推荐菜品 › 应该能重新生成推荐" classname="recommend.spec.ts" time="7.628">
<system-out>
<![CDATA[第一次推荐: 1 项
第二次推荐: 1 项
]]>
</system-out>
</testcase>
<testcase name="推荐菜品 › 应该能确认推荐并保存" classname="recommend.spec.ts" time="5.58">
</testcase>
</testsuite>
<testsuite name="scheme.spec.ts" timestamp="2026-02-03T22:54:49.438Z" hostname="chromium" tests="4" failures="1" skipped="1" time="7.564" errors="0">
<testcase name="方案管理 › 应该正确加载方案管理页面" classname="scheme.spec.ts" time="1.449">
</testcase>
<testcase name="方案管理 › 应该能创建新方案" classname="scheme.spec.ts" time="3.495">
</testcase>
<testcase name="方案管理 › 应该显示现有方案列表" classname="scheme.spec.ts" time="1.309">
<failure message="scheme.spec.ts:49:3 应该显示现有方案列表" type="FAILURE">
<![CDATA[  [chromium] › scheme.spec.ts:49:3 › 方案管理 › 应该显示现有方案列表 ─────────────────────────────────────────────

    Error: toBeVisible can be only used with Locator object

      54 |
      55 |     // 验证方案列表可见
    > 56 |     await expect(schemePage.schemeList).toBeVisible()
         |                                         ^
      57 |
      58 |     // 如果有方案，验证它们可见
      59 |     if (schemeCount > 0) {
        at C:\Users\tuzhe\runspace\eatly\tests\e2e\scheme.spec.ts:56:41

    attachment #1: screenshot (image/png) ──────────────────────────────────────────────────────────
    ..\..\test-results\scheme-方案管理-应该显示现有方案列表-chromium\test-failed-1.png
    ────────────────────────────────────────────────────────────────────────────────────────────────

    attachment #2: video (video/webm) ──────────────────────────────────────────────────────────────
    ..\..\test-results\scheme-方案管理-应该显示现有方案列表-chromium\video.webm
    ────────────────────────────────────────────────────────────────────────────────────────────────

    Error Context: ..\..\test-results\scheme-方案管理-应该显示现有方案列表-chromium\error-context.md
]]>
</failure>
<system-out>
<![CDATA[当前方案数量: 0

[[ATTACHMENT|scheme-方案管理-应该显示现有方案列表-chromium\test-failed-1.png]]

[[ATTACHMENT|scheme-方案管理-应该显示现有方案列表-chromium\video.webm]]

[[ATTACHMENT|scheme-方案管理-应该显示现有方案列表-chromium\error-context.md]]
]]>
</system-out>
</testcase>
<testcase name="方案管理 › 应该能删除方案" classname="scheme.spec.ts" time="1.311">
<properties>
<property name="skip" value="">
</property>
</properties>
<skipped>
</skipped>
</testcase>
</testsuite>
<testsuite name="statistics.spec.ts" timestamp="2026-02-03T22:54:49.438Z" hostname="chromium" tests="5" failures="1" skipped="0" time="12.857" errors="0">
<testcase name="统计分析 › 应该正确加载统计页面" classname="statistics.spec.ts" time="1.638">
</testcase>
<testcase name="统计分析 › 应该显示统计卡片" classname="statistics.spec.ts" time="1.442">
<failure message="statistics.spec.ts:25:3 应该显示统计卡片" type="FAILURE">
<![CDATA[  [chromium] › statistics.spec.ts:25:3 › 统计分析 › 应该显示统计卡片 ───────────────────────────────────────────

    Error: expect(received).toBeGreaterThanOrEqual(expected)

    Expected: >= 3
    Received:    0

      30 |
      31 |     // 至少应该有 3 个统计卡片
    > 32 |     expect(cardCount).toBeGreaterThanOrEqual(3)
         |                       ^
      33 |   })
      34 |
      35 |   test('应该显示数据图表', async ({ page: _page }) => {
        at C:\Users\tuzhe\runspace\eatly\tests\e2e\statistics.spec.ts:32:23

    attachment #1: screenshot (image/png) ──────────────────────────────────────────────────────────
    ..\..\test-results\statistics-统计分析-应该显示统计卡片-chromium\test-failed-1.png
    ────────────────────────────────────────────────────────────────────────────────────────────────

    attachment #2: video (video/webm) ──────────────────────────────────────────────────────────────
    ..\..\test-results\statistics-统计分析-应该显示统计卡片-chromium\video.webm
    ────────────────────────────────────────────────────────────────────────────────────────────────

    Error Context: ..\..\test-results\statistics-统计分析-应该显示统计卡片-chromium\error-context.md
]]>
</failure>
<system-out>
<![CDATA[统计卡片数量: 0

[[ATTACHMENT|statistics-统计分析-应该显示统计卡片-chromium\test-failed-1.png]]

[[ATTACHMENT|statistics-统计分析-应该显示统计卡片-chromium\video.webm]]

[[ATTACHMENT|statistics-统计分析-应该显示统计卡片-chromium\error-context.md]]
]]>
</system-out>
</testcase>
<testcase name="统计分析 › 应该显示数据图表" classname="statistics.spec.ts" time="3.565">
<system-out>
<![CDATA[图表数量: 1
]]>
</system-out>
</testcase>
<testcase name="统计分析 › 图表应该正确渲染" classname="statistics.spec.ts" time="4.799">
<system-out>
<![CDATA[图表尺寸: 1136x400
]]>
</system-out>
</testcase>
<testcase name="统计分析 › 应该能切换时间范围" classname="statistics.spec.ts" time="1.413">
</testcase>
</testsuite>
</testsuites>